c:\game3015-termproject-patrickcrowley-kennyhuynh\assignment1solution\assignment1project\x64\debug\vc143.pdb
c:\game3015-termproject-patrickcrowley-kennyhuynh\assignment1solution\assignment1project\x64\debug\vc143.idb
c:\game3015-termproject-patrickcrowley-kennyhuynh\assignment1solution\assignment1project\x64\debug\world.obj
c:\game3015-termproject-patrickcrowley-kennyhuynh\assignment1solution\assignment1project\x64\debug\spritenode.obj
c:\game3015-termproject-patrickcrowley-kennyhuynh\assignment1solution\assignment1project\x64\debug\scenenode.obj
c:\game3015-termproject-patrickcrowley-kennyhuynh\assignment1solution\assignment1project\x64\debug\main.obj
c:\game3015-termproject-patrickcrowley-kennyhuynh\assignment1solution\assignment1project\x64\debug\game.obj
c:\game3015-termproject-patrickcrowley-kennyhuynh\assignment1solution\assignment1project\x64\debug\frameresource.obj
c:\game3015-termproject-patrickcrowley-kennyhuynh\assignment1solution\assignment1project\x64\debug\entity.obj
c:\game3015-termproject-patrickcrowley-kennyhuynh\assignment1solution\assignment1project\x64\debug\aircraft.obj
c:\game3015-termproject-patrickcrowley-kennyhuynh\assignment1solution\assignment1project\x64\debug\mathhelper.obj
c:\game3015-termproject-patrickcrowley-kennyhuynh\assignment1solution\assignment1project\x64\debug\geometrygenerator.obj
c:\game3015-termproject-patrickcrowley-kennyhuynh\assignment1solution\assignment1project\x64\debug\gametimer.obj
c:\game3015-termproject-patrickcrowley-kennyhuynh\assignment1solution\assignment1project\x64\debug\ddstextureloader.obj
c:\game3015-termproject-patrickcrowley-kennyhuynh\assignment1solution\assignment1project\x64\debug\d3dutil.obj
c:\game3015-termproject-patrickcrowley-kennyhuynh\assignment1solution\assignment1project\x64\debug\d3dapp.obj
c:\game3015-termproject-patrickcrowley-kennyhuynh\assignment1solution\assignment1project\x64\debug\camera.obj
c:\game3015-termproject-patrickcrowley-kennyhuynh\assignment1solution\x64\debug\assignment1project.exe
c:\game3015-termproject-patrickcrowley-kennyhuynh\assignment1solution\assignment1project\x64\debug\assignment1project.ilk
c:\game3015-termproject-patrickcrowley-kennyhuynh\assignment1solution\x64\debug\assignment1project.pdb
d:\college\college2022-2023\winter2023\gameenginesdev2\game3015-termproject-patrickcrowley-kennyhuynh\assignment1solution\assignment1project\x64\debug\aircraft.obj
d:\college\college2022-2023\winter2023\gameenginesdev2\game3015-termproject-patrickcrowley-kennyhuynh\assignment1solution\assignment1project\x64\debug\boxapp.obj
d:\college\college2022-2023\winter2023\gameenginesdev2\game3015-termproject-patrickcrowley-kennyhuynh\assignment1solution\assignment1project\x64\debug\camera.obj
d:\college\college2022-2023\winter2023\gameenginesdev2\game3015-termproject-patrickcrowley-kennyhuynh\assignment1solution\assignment1project\x64\debug\d3dapp.obj
d:\college\college2022-2023\winter2023\gameenginesdev2\game3015-termproject-patrickcrowley-kennyhuynh\assignment1solution\assignment1project\x64\debug\d3dutil.obj
d:\college\college2022-2023\winter2023\gameenginesdev2\game3015-termproject-patrickcrowley-kennyhuynh\assignment1solution\assignment1project\x64\debug\ddstextureloader.obj
d:\college\college2022-2023\winter2023\gameenginesdev2\game3015-termproject-patrickcrowley-kennyhuynh\assignment1solution\assignment1project\x64\debug\entity.obj
d:\college\college2022-2023\winter2023\gameenginesdev2\game3015-termproject-patrickcrowley-kennyhuynh\assignment1solution\assignment1project\x64\debug\frameresource.obj
d:\college\college2022-2023\winter2023\gameenginesdev2\game3015-termproject-patrickcrowley-kennyhuynh\assignment1solution\assignment1project\x64\debug\game.obj
d:\college\college2022-2023\winter2023\gameenginesdev2\game3015-termproject-patrickcrowley-kennyhuynh\assignment1solution\assignment1project\x64\debug\gametimer.obj
d:\college\college2022-2023\winter2023\gameenginesdev2\game3015-termproject-patrickcrowley-kennyhuynh\assignment1solution\assignment1project\x64\debug\geometrygenerator.obj
d:\college\college2022-2023\winter2023\gameenginesdev2\game3015-termproject-patrickcrowley-kennyhuynh\assignment1solution\assignment1project\x64\debug\main.obj
d:\college\college2022-2023\winter2023\gameenginesdev2\game3015-termproject-patrickcrowley-kennyhuynh\assignment1solution\assignment1project\x64\debug\mathhelper.obj
d:\college\college2022-2023\winter2023\gameenginesdev2\game3015-termproject-patrickcrowley-kennyhuynh\assignment1solution\assignment1project\x64\debug\scenenode.obj
d:\college\college2022-2023\winter2023\gameenginesdev2\game3015-termproject-patrickcrowley-kennyhuynh\assignment1solution\assignment1project\x64\debug\spritenode.obj
d:\college\college2022-2023\winter2023\gameenginesdev2\game3015-termproject-patrickcrowley-kennyhuynh\assignment1solution\assignment1project\x64\debug\world.obj
d:\college\college2022-2023\winter2023\gameenginesdev2\game3015-termproject-patrickcrowley-kennyhuynh\assignment1solution\assignment1project\x64\debug\assignment1project.ilk
d:\college\college2022-2023\winter2023\gameenginesdev2\game3015-termproject-patrickcrowley-kennyhuynh\assignment1solution\assignment1project\x64\debug\vc143.idb
d:\college\college2022-2023\winter2023\gameenginesdev2\game3015-termproject-patrickcrowley-kennyhuynh\assignment1solution\assignment1project\x64\debug\vc143.pdb
d:\college\college2022-2023\winter2023\gameenginesdev2\game3015-termproject-patrickcrowley-kennyhuynh\assignment1solution\x64\debug\assignment1project.pdb
d:\college\college2022-2023\winter2023\gameenginesdev2\game3015-termproject-patrickcrowley-kennyhuynh\assignment1solution\x64\debug\assignment1project.exe
d:\college\college2022-2023\winter2023\gameenginesdev2\game3015-termproject-patrickcrowley-kennyhuynh\assignment1solution\assignment1project\x64\debug\assignme.47414f38.tlog\cl.command.1.tlog
d:\college\college2022-2023\winter2023\gameenginesdev2\game3015-termproject-patrickcrowley-kennyhuynh\assignment1solution\assignment1project\x64\debug\assignme.47414f38.tlog\cl.read.1.tlog
d:\college\college2022-2023\winter2023\gameenginesdev2\game3015-termproject-patrickcrowley-kennyhuynh\assignment1solution\assignment1project\x64\debug\assignme.47414f38.tlog\cl.write.1.tlog
d:\college\college2022-2023\winter2023\gameenginesdev2\game3015-termproject-patrickcrowley-kennyhuynh\assignment1solution\assignment1project\x64\debug\assignme.47414f38.tlog\link.command.1.tlog
d:\college\college2022-2023\winter2023\gameenginesdev2\game3015-termproject-patrickcrowley-kennyhuynh\assignment1solution\assignment1project\x64\debug\assignme.47414f38.tlog\link.read.1.tlog
d:\college\college2022-2023\winter2023\gameenginesdev2\game3015-termproject-patrickcrowley-kennyhuynh\assignment1solution\assignment1project\x64\debug\assignme.47414f38.tlog\link.write.1.tlog
