c:\game3015-termproject-patrickcrowley-kennyhuynh\finalprojectsolution\assignment1project\x64\debug\vc143.pdb
c:\game3015-termproject-patrickcrowley-kennyhuynh\finalprojectsolution\assignment1project\x64\debug\vc143.idb
c:\game3015-termproject-patrickcrowley-kennyhuynh\finalprojectsolution\assignment1project\x64\debug\spritenode.obj
c:\game3015-termproject-patrickcrowley-kennyhuynh\finalprojectsolution\assignment1project\x64\debug\scenenode.obj
c:\game3015-termproject-patrickcrowley-kennyhuynh\finalprojectsolution\assignment1project\x64\debug\player.obj
c:\game3015-termproject-patrickcrowley-kennyhuynh\finalprojectsolution\assignment1project\x64\debug\main.obj
c:\game3015-termproject-patrickcrowley-kennyhuynh\finalprojectsolution\assignment1project\x64\debug\game.obj
c:\game3015-termproject-patrickcrowley-kennyhuynh\finalprojectsolution\assignment1project\x64\debug\frameresource.obj
c:\game3015-termproject-patrickcrowley-kennyhuynh\finalprojectsolution\assignment1project\x64\debug\entity.obj
c:\game3015-termproject-patrickcrowley-kennyhuynh\finalprojectsolution\assignment1project\x64\debug\commandqueue.obj
c:\game3015-termproject-patrickcrowley-kennyhuynh\finalprojectsolution\assignment1project\x64\debug\command.obj
c:\game3015-termproject-patrickcrowley-kennyhuynh\finalprojectsolution\assignment1project\x64\debug\aircraft.obj
c:\game3015-termproject-patrickcrowley-kennyhuynh\finalprojectsolution\assignment1project\x64\debug\mathhelper.obj
c:\game3015-termproject-patrickcrowley-kennyhuynh\finalprojectsolution\assignment1project\x64\debug\geometrygenerator.obj
c:\game3015-termproject-patrickcrowley-kennyhuynh\finalprojectsolution\assignment1project\x64\debug\gametimer.obj
c:\game3015-termproject-patrickcrowley-kennyhuynh\finalprojectsolution\assignment1project\x64\debug\ddstextureloader.obj
c:\game3015-termproject-patrickcrowley-kennyhuynh\finalprojectsolution\assignment1project\x64\debug\d3dutil.obj
c:\game3015-termproject-patrickcrowley-kennyhuynh\finalprojectsolution\assignment1project\x64\debug\d3dapp.obj
c:\game3015-termproject-patrickcrowley-kennyhuynh\finalprojectsolution\assignment1project\x64\debug\camera.obj
c:\game3015-termproject-patrickcrowley-kennyhuynh\finalprojectsolution\assignment1project\x64\debug\world.obj
c:\game3015-termproject-patrickcrowley-kennyhuynh\finalprojectsolution\assignment1project\x64\debug\tiltestate.obj
c:\game3015-termproject-patrickcrowley-kennyhuynh\finalprojectsolution\assignment1project\x64\debug\statestack.obj
c:\game3015-termproject-patrickcrowley-kennyhuynh\finalprojectsolution\assignment1project\x64\debug\state.obj
c:\game3015-termproject-patrickcrowley-kennyhuynh\finalprojectsolution\assignment1project\x64\debug\titlestate.obj
c:\game3015-termproject-patrickcrowley-kennyhuynh\finalprojectsolution\assignment1project\x64\debug\assignment1project.ilk
c:\game3015-termproject-patrickcrowley-kennyhuynh\finalprojectsolution\assignment1project\x64\debug\assignment2project.ilk
c:\game3015-termproject-patrickcrowley-kennyhuynh\finalprojectsolution\assignment1project\x64\debug\vc142.idb
c:\game3015-termproject-patrickcrowley-kennyhuynh\finalprojectsolution\assignment1project\x64\debug\vc142.pdb
c:\game3015-termproject-patrickcrowley-kennyhuynh\finalprojectsolution\assignment1project\x64\debug\finalproject.tlog\cl.command.1.tlog
c:\game3015-termproject-patrickcrowley-kennyhuynh\finalprojectsolution\assignment1project\x64\debug\finalproject.tlog\cl.read.1.tlog
c:\game3015-termproject-patrickcrowley-kennyhuynh\finalprojectsolution\assignment1project\x64\debug\finalproject.tlog\cl.write.1.tlog
